Script started on Wed 20 Sep 2017 10:59:05 AM EDT
]0;osboxes@osboxes: ~/CPU-Scheduler-and-Memory-Coordinator-in-KVM/test/memory[01;32mosboxes@osboxes[00m:[01;34m~/CPU-Scheduler-and-Memory-Coordinator-in-KVM/test/memory[00m$ exitpython monitor.py 
firsttest: 512.0 268.53515625
secondtest: 512.0 289.578125
thirdtest: 512.0 288.98046875
fourthtest: 512.0 288.65234375
--------------------------------------------------------------------------------
total  :              2027080 KiB
free   :                73048 KiB
buffers:                 9168 KiB
cached :                76948 KiB


--------------------------------------------------------------------------------
firsttest: 512.0 188.4921875
secondtest: 512.0 289.578125
thirdtest: 512.0 288.98046875
fourthtest: 512.0 288.65234375
--------------------------------------------------------------------------------
total  :              2027080 KiB
free   :                63884 KiB
buffers:                  696 KiB
cached :                40524 KiB


--------------------------------------------------------------------------------
firsttest: 512.0 110.265625
secondtest: 512.0 289.578125
thirdtest: 512.0 288.98046875
fourthtest: 512.0 288.65234375
--------------------------------------------------------------------------------
total  :              2027080 KiB
free   :                64372 KiB
buffers:                 2404 KiB
cached :                30704 KiB


--------------------------------------------------------------------------------
firsttest: 512.0 399.2265625
secondtest: 512.0 289.578125
thirdtest: 512.0 288.98046875
fourthtest: 512.0 288.65234375
--------------------------------------------------------------------------------
total  :              2027080 KiB
free   :                75824 KiB
buffers:                 2804 KiB
cached :                47300 KiB


--------------------------------------------------------------------------------
firsttest: 512.0 391.90234375
secondtest: 512.0 289.578125
thirdtest: 512.0 288.98046875
fourthtest: 512.0 288.65234375
--------------------------------------------------------------------------------
total  :              2027080 KiB
free   :                74348 KiB
buffers:                 3068 KiB
cached :                48028 KiB


--------------------------------------------------------------------------------
firsttest: 512.0 391.90234375
secondtest: 512.0 289.578125
thirdtest: 512.0 288.98046875
fourthtest: 512.0 288.65234375
--------------------------------------------------------------------------------
total  :              2027080 KiB
free   :                72532 KiB
buffers:                 3076 KiB
cached :                49312 KiB


--------------------------------------------------------------------------------
firsttest: 512.0 391.90234375
secondtest: 512.0 289.578125
thirdtest: 512.0 288.98046875
fourthtest: 512.0 288.65234375
--------------------------------------------------------------------------------
total  :              2027080 KiB
free   :                72628 KiB
buffers:                 3076 KiB
cached :                49324 KiB


--------------------------------------------------------------------------------
firsttest: 512.0 391.90234375
secondtest: 512.0 289.578125
thirdtest: 512.0 288.98046875
fourthtest: 512.0 288.65234375
--------------------------------------------------------------------------------
total  :              2027080 KiB
free   :                71820 KiB
buffers:                 3076 KiB
cached :                50108 KiB


--------------------------------------------------------------------------------
firsttest: 512.0 391.90234375
secondtest: 512.0 289.578125
thirdtest: 512.0 288.98046875
fourthtest: 512.0 288.65234375
--------------------------------------------------------------------------------
total  :              2027080 KiB
free   :                71584 KiB
buffers:                 3084 KiB
cached :                50488 KiB


--------------------------------------------------------------------------------
firsttest: 512.0 391.90234375
secondtest: 512.0 289.578125
thirdtest: 512.0 289.01171875
fourthtest: 512.0 288.65234375
--------------------------------------------------------------------------------
total  :              2027080 KiB
free   :                67524 KiB
buffers:                 3316 KiB
cached :                56348 KiB


--------------------------------------------------------------------------------
firsttest: 206.0 185.27734375
secondtest: 512.0 289.578125
thirdtest: 512.0 289.01171875
fourthtest: 512.0 288.65234375
--------------------------------------------------------------------------------
total  :              2027080 KiB
free   :               384268 KiB
buffers:                 3680 KiB
cached :                62360 KiB


--------------------------------------------------------------------------------
firsttest: 146.65234375 53.71875
secondtest: 512.0 289.578125
thirdtest: 512.0 289.01171875
fourthtest: 512.0 288.65234375
--------------------------------------------------------------------------------
total  :              2027080 KiB
free   :               399152 KiB
buffers:                 3696 KiB
cached :                68308 KiB


--------------------------------------------------------------------------------
firsttest: 351.82421875 215.35546875
secondtest: 512.0 289.609375
thirdtest: 512.0 289.01171875
fourthtest: 512.0 288.65234375
--------------------------------------------------------------------------------
total  :              2027080 KiB
free   :               326616 KiB
buffers:                 3696 KiB
cached :                88932 KiB


--------------------------------------------------------------------------------
firsttest: 351.82421875 215.35546875
secondtest: 512.0 289.609375
thirdtest: 512.0 289.01171875
fourthtest: 512.0 288.65234375
--------------------------------------------------------------------------------
total  :              2027080 KiB
free   :               324732 KiB
buffers:                 3716 KiB
cached :                90508 KiB


--------------------------------------------------------------------------------
firsttest: 351.82421875 215.11328125
secondtest: 512.0 289.609375
thirdtest: 512.0 289.01171875
fourthtest: 512.0 288.68359375
--------------------------------------------------------------------------------
total  :              2027080 KiB
free   :               323688 KiB
buffers:                 3724 KiB
cached :                90488 KiB


--------------------------------------------------------------------------------
firsttest: 351.82421875 214.75
secondtest: 512.0 289.609375
thirdtest: 512.0 289.01171875
fourthtest: 512.0 288.68359375
--------------------------------------------------------------------------------
total  :              2027080 KiB
free   :               323044 KiB
buffers:                 3724 KiB
cached :                90816 KiB


--------------------------------------------------------------------------------
firsttest: 351.82421875 214.75
secondtest: 512.0 289.609375
thirdtest: 512.0 289.01171875
fourthtest: 512.0 288.68359375
--------------------------------------------------------------------------------
total  :              2027080 KiB
free   :               322900 KiB
buffers:                 3732 KiB
cached :                90828 KiB


--------------------------------------------------------------------------------
firsttest: 351.82421875 213.05078125
secondtest: 512.0 289.609375
thirdtest: 512.0 289.01171875
fourthtest: 512.0 288.68359375
--------------------------------------------------------------------------------
total  :              2027080 KiB
free   :               318712 KiB
buffers:                 3732 KiB
cached :                90828 KiB


--------------------------------------------------------------------------------
firsttest: 351.82421875 213.05078125
secondtest: 512.0 289.609375
thirdtest: 512.0 289.01171875
fourthtest: 512.0 288.68359375
--------------------------------------------------------------------------------
total  :              2027080 KiB
free   :               318352 KiB
buffers:                 3732 KiB
cached :                90816 KiB


--------------------------------------------------------------------------------
firsttest: 351.82421875 213.05078125
secondtest: 512.0 289.609375
thirdtest: 512.0 289.01171875
fourthtest: 512.0 288.68359375
--------------------------------------------------------------------------------
total  :              2027080 KiB
free   :               317768 KiB
buffers:                 3732 KiB
cached :                90864 KiB


--------------------------------------------------------------------------------
firsttest: 351.82421875 213.05078125
secondtest: 512.0 289.609375
thirdtest: 512.0 289.01171875
fourthtest: 512.0 288.68359375
--------------------------------------------------------------------------------
total  :              2027080 KiB
free   :               318340 KiB
buffers:                 3732 KiB
cached :                90868 KiB


--------------------------------------------------------------------------------
firsttest: 351.82421875 213.05078125
secondtest: 512.0 289.609375
thirdtest: 512.0 289.01171875
fourthtest: 512.0 288.68359375
--------------------------------------------------------------------------------
total  :              2027080 KiB
free   :               318216 KiB
buffers:                 3740 KiB
cached :                91200 KiB


--------------------------------------------------------------------------------
firsttest: 351.82421875 213.05078125
secondtest: 512.0 289.609375
thirdtest: 512.0 289.01171875
fourthtest: 512.0 288.68359375
--------------------------------------------------------------------------------
total  :              2027080 KiB
free   :               318328 KiB
buffers:                 3740 KiB
cached :                91200 KiB


--------------------------------------------------------------------------------
firsttest: 351.82421875 213.05078125
secondtest: 512.0 289.609375
thirdtest: 512.0 289.01171875
fourthtest: 512.0 288.68359375
--------------------------------------------------------------------------------
total  :              2027080 KiB
free   :               318092 KiB
buffers:                 3740 KiB
cached :                91204 KiB


--------------------------------------------------------------------------------
firsttest: 351.82421875 213.05078125
secondtest: 512.0 289.609375
thirdtest: 512.0 289.01171875
fourthtest: 512.0 288.68359375
--------------------------------------------------------------------------------
total  :              2027080 KiB
free   :               317776 KiB
buffers:                 3744 KiB
cached :                91520 KiB


--------------------------------------------------------------------------------
firsttest: 351.82421875 213.05078125
secondtest: 512.0 289.609375
thirdtest: 512.0 289.01171875
fourthtest: 512.0 288.68359375
--------------------------------------------------------------------------------
total  :              2027080 KiB
free   :               317252 KiB
buffers:                 3744 KiB
cached :                91540 KiB


--------------------------------------------------------------------------------
firsttest: 351.82421875 213.05078125
secondtest: 512.0 289.609375
thirdtest: 512.0 289.01171875
fourthtest: 512.0 288.68359375
--------------------------------------------------------------------------------
total  :              2027080 KiB
free   :               317080 KiB
buffers:                 3752 KiB
cached :                91528 KiB


--------------------------------------------------------------------------------
firsttest: 351.82421875 212.9296875
secondtest: 512.0 289.609375
thirdtest: 512.0 289.01171875
fourthtest: 512.0 288.68359375
--------------------------------------------------------------------------------
total  :              2027080 KiB
free   :               317380 KiB
buffers:                 3776 KiB
cached :                91784 KiB


--------------------------------------------------------------------------------
firsttest: 351.82421875 212.9296875
secondtest: 512.0 289.609375
thirdtest: 512.0 289.01171875
fourthtest: 512.0 288.68359375
--------------------------------------------------------------------------------
total  :              2027080 KiB
free   :               316964 KiB
buffers:                 3776 KiB
cached :                91924 KiB


--------------------------------------------------------------------------------
firsttest: 351.82421875 212.9296875
secondtest: 512.0 289.609375
thirdtest: 512.0 289.04296875
fourthtest: 512.0 288.68359375
--------------------------------------------------------------------------------
total  :              2027080 KiB
free   :               316980 KiB
buffers:                 3776 KiB
cached :                91924 KiB


--------------------------------------------------------------------------------
firsttest: 351.82421875 212.9296875
secondtest: 512.0 289.609375
thirdtest: 512.0 289.04296875
fourthtest: 512.0 288.68359375
--------------------------------------------------------------------------------
total  :              2027080 KiB
free   :               316696 KiB
buffers:                 3792 KiB
cached :                91948 KiB


--------------------------------------------------------------------------------
exit

Script done on Wed 20 Sep 2017 11:10:28 AM EDT
